-------------------------------------------------------------------------------
Test set: TestSuite
-------------------------------------------------------------------------------
Tests run: 6, Failures: 1, Errors: 0, Skipped: 5, Time elapsed: 0.567 sec <<< FAILURE! - in TestSuite
beforeTest(com.google.tests.GoogleHomePageTest)  Time elapsed: 0.314 sec  <<< FAILURE!
java.lang.NullPointerException
	at com.google.tests.GoogleHomePageTest.beforeTest(GoogleHomePageTest.java:34)

