<?xml version="1.0" encoding="UTF-8"?>
<testng-results skipped="0" failed="0" ignored="0" total="1" passed="1">
  <reporter-output>
  </reporter-output>
  <suite name="Example test run" duration-ms="11976" started-at="2018-12-25T14:36:45Z" finished-at="2018-12-25T14:36:57Z">
    <groups>
    </groups>
    <test name="Simple Test" duration-ms="11976" started-at="2018-12-25T14:36:45Z" finished-at="2018-12-25T14:36:57Z">
      <class name="com.google.tests.GoogleHomePageTest">
        <test-method status="PASS" signature="testSetUp()[pri:0, instance:com.google.tests.GoogleHomePageTest@6108b2d7]" name="testSetUp" is-config="true" duration-ms="2985" started-at="2018-12-25T14:36:45Z" finished-at="2018-12-25T14:36:48Z">
          <reporter-output>
          </reporter-output>
        </test-method> <!-- testSetUp -->
        <test-method status="PASS" signature="verifyGooglePageTittle()[pri:0, instance:com.google.tests.GoogleHomePageTest@6108b2d7]" name="verifyGooglePageTittle" duration-ms="8220" started-at="2018-12-25T14:36:48Z" finished-at="2018-12-25T14:36:57Z">
          <reporter-output>
          </reporter-output>
        </test-method> <!-- verifyGooglePageTittle -->
        <test-method status="PASS" signature="tearDown()[pri:0, instance:com.google.tests.GoogleHomePageTest@6108b2d7]" name="tearDown" is-config="true" duration-ms="756" started-at="2018-12-25T14:36:57Z" finished-at="2018-12-25T14:36:57Z">
          <reporter-output>
          </reporter-output>
        </test-method> <!-- tearDown -->
      </class> <!-- com.google.tests.GoogleHomePageTest -->
    </test> <!-- Simple Test -->
  </suite> <!-- Example test run -->
</testng-results>
