<?xml version="1.0" encoding="UTF-8"?>
<testng-results skipped="0" failed="0" ignored="0" total="1" passed="1">
  <reporter-output>
  </reporter-output>
  <suite name="Default suite" duration-ms="8637" started-at="2018-12-30T20:46:54Z" finished-at="2018-12-30T20:47:03Z">
    <groups>
    </groups>
    <test name="Default test" duration-ms="8637" started-at="2018-12-30T20:46:54Z" finished-at="2018-12-30T20:47:03Z">
      <class name="com.pom.wordpress.Testcases.VerifyWordpressLoginTest">
        <test-method status="PASS" signature="verifyValidLogin()[pri:0, instance:com.pom.wordpress.Testcases.VerifyWordpressLoginTest@91161c7]" name="verifyValidLogin" duration-ms="8611" started-at="2018-12-30T20:46:54Z" finished-at="2018-12-30T20:47:03Z">
          <reporter-output>
          </reporter-output>
        </test-method> <!-- verifyValidLogin -->
      </class> <!-- com.pom.wordpress.Testcases.VerifyWordpressLoginTest -->
    </test> <!-- Default test -->
  </suite> <!-- Default suite -->
</testng-results>
