<?xml version="1.0" encoding="UTF-8"?>
<!-- Generated by org.testng.reporters.JUnitXMLReporter -->
<testsuite hostname="DESKTOP-LPO1PH0" ignored="0" name="Simple Test" tests="3" failures="0" timestamp="30 gru 2018 17:34:23 GMT" time="0.031" errors="0">
  <testcase name="@BeforeTest beforeTest" time="0.016" classname="com.google.tests.GoogleHomePageTest">
    <failure type="java.lang.NullPointerException">
      <![CDATA[java.lang.NullPointerException
at com.google.tests.GoogleHomePageTest.beforeTest(GoogleHomePageTest.java:34)
... Removed 27 stack frames]]>
    </failure>
  </testcase> <!-- @BeforeTest beforeTest -->
  <testcase name="@BeforeClass testSetUp" time="0.0" classname="com.google.tests.GoogleHomePageTest">
    <skipped/>
  </testcase> <!-- @BeforeClass testSetUp -->
  <testcase name="@AfterTest afterTest" time="0.0" classname="com.google.tests.GoogleHomePageTest">
    <skipped/>
  </testcase> <!-- @AfterTest afterTest -->
  <testcase name="verifyGooglePageTittle" time="0.0" classname="com.google.tests.GoogleHomePageTest">
    <skipped/>
  </testcase> <!-- verifyGooglePageTittle -->
  <testcase name="verifyGooglePageTittle1" time="0.0" classname="com.google.tests.GoogleHomePageTest">
    <skipped/>
  </testcase> <!-- verifyGooglePageTittle1 -->
  <testcase name="verifyGooglePageTittle2" time="0.0" classname="com.google.tests.GoogleHomePageTest">
    <skipped/>
  </testcase> <!-- verifyGooglePageTittle2 -->
</testsuite> <!-- Simple Test -->
